# JRE version: Java(TM) SE Runtime Environment (8.0_151-b12) (build 1.8.0_151-b12)
# Java VM: Java HotSpot(TM) 64-Bit Server VM (25.151-b12 mixed mode linux-amd64 compressed oops)
Heap:
 def new generation   total 4928K, used 1594K [0x00000000f0600000, 0x00000000f0b50000, 0x00000000f5950000)
  eden space 4416K,  34% used [0x00000000f0600000, 0x00000000f0781538, 0x00000000f0a50000)
  from space 512K,  10% used [0x00000000f0ad0000, 0x00000000f0add638, 0x00000000f0b50000)
  to   space 512K,   0% used [0x00000000f0a50000, 0x00000000f0a50000, 0x00000000f0ad0000)
 tenured generation   total 10944K, used 4306K [0x00000000f5950000, 0x00000000f6400000, 0x0000000100000000)
   the space 10944K,  39% used [0x00000000f5950000, 0x00000000f5d84a48, 0x00000000f5d84c00, 0x00000000f6400000)
 Metaspace       used 11205K, capacity 11434K, committed 11648K, reserved 1058816K
  class space    used 1485K, capacity 1591K, committed 1664K, reserved 1048576K
GC Heap History (10 events):
Event: 0.915 GC heap before
{Heap before GC invocations=6 (full 0):
 def new generation   total 4928K, used 4899K [0x00000000f0600000, 0x00000000f0b50000, 0x00000000f5950000)
  eden space 4416K,  99% used [0x00000000f0600000, 0x00000000f0a48ec8, 0x00000000f0a50000)
  from space 512K, 100% used [0x00000000f0a50000, 0x00000000f0ad0000, 0x00000000f0ad0000)
  to   space 512K,   0% used [0x00000000f0ad0000, 0x00000000f0ad0000, 0x00000000f0b50000)
 tenured generation   total 10944K, used 2895K [0x00000000f5950000, 0x00000000f6400000, 0x0000000100000000)
   the space 10944K,  26% used [0x00000000f5950000, 0x00000000f5c23da0, 0x00000000f5c23e00, 0x00000000f6400000)
 Metaspace       used 9072K, capacity 9284K, committed 9344K, reserved 1056768K
  class space    used 1240K, capacity 1348K, committed 1408K, reserved 1048576K
Event: 0.917 GC heap after
Heap after GC invocations=7 (full 0):
 def new generation   total 4928K, used 511K [0x00000000f0600000, 0x00000000f0b50000, 0x00000000f5950000)
  eden space 4416K,   0% used [0x00000000f0600000, 0x00000000f0600000, 0x00000000f0a50000)
  from space 512K,  99% used [0x00000000f0ad0000, 0x00000000f0b4fff8, 0x00000000f0b50000)
  to   space 512K,   0% used [0x00000000f0a50000, 0x00000000f0a50000, 0x00000000f0ad0000)
 tenured generation   total 10944K, used 3478K [0x00000000f5950000, 0x00000000f6400000, 0x0000000100000000)
   the space 10944K,  31% used [0x00000000f5950000, 0x00000000f5cb5930, 0x00000000f5cb5a00, 0x00000000f6400000)
 Metaspace       used 9072K, capacity 9284K, committed 9344K, reserved 1056768K
  class space    used 1240K, capacity 1348K, committed 1408K, reserved 1048576K
}
Event: 2.436 GC heap before
{Heap before GC invocations=7 (full 0):
 def new generation   total 4928K, used 4927K [0x00000000f0600000, 0x00000000f0b50000, 0x00000000f5950000)
  eden space 4416K, 100% used [0x00000000f0600000, 0x00000000f0a50000, 0x00000000f0a50000)
  from space 512K,  99% used [0x00000000f0ad0000, 0x00000000f0b4fff8, 0x00000000f0b50000)
  to   space 512K,   0% used [0x00000000f0a50000, 0x00000000f0a50000, 0x00000000f0ad0000)
 tenured generation   total 10944K, used 3478K [0x00000000f5950000, 0x00000000f6400000, 0x0000000100000000)
   the space 10944K,  31% used [0x00000000f5950000, 0x00000000f5cb5930, 0x00000000f5cb5a00, 0x00000000f6400000)
 Metaspace       used 10732K, capacity 11084K, committed 11392K, reserved 1058816K
  class space    used 1453K, capacity 1584K, committed 1664K, reserved 1048576K
Event: 2.439 GC heap after
Heap after GC invocations=8 (full 0):
 def new generation   total 4928K, used 511K [0x00000000f0600000, 0x00000000f0b50000, 0x00000000f5950000)
  eden space 4416K,   0% used [0x00000000f0600000, 0x00000000f0600000, 0x00000000f0a50000)
  from space 512K,  99% used [0x00000000f0a50000, 0x00000000f0acfff8, 0x00000000f0ad0000)
  to   space 512K,   0% used [0x00000000f0ad0000, 0x00000000f0ad0000, 0x00000000f0b50000)
 tenured generation   total 10944K, used 3846K [0x00000000f5950000, 0x00000000f6400000, 0x0000000100000000)
   the space 10944K,  35% used [0x00000000f5950000, 0x00000000f5d11ab0, 0x00000000f5d11c00, 0x00000000f6400000)
 Metaspace       used 10732K, capacity 11084K, committed 11392K, reserved 1058816K
  class space    used 1453K, capacity 1584K, committed 1664K, reserved 1048576K
}
Event: 55.742 GC heap before
{Heap before GC invocations=8 (full 0):
 def new generation   total 4928K, used 4927K [0x00000000f0600000, 0x00000000f0b50000, 0x00000000f5950000)
  eden space 4416K, 100% used [0x00000000f0600000, 0x00000000f0a50000, 0x00000000f0a50000)
  from space 512K,  99% used [0x00000000f0a50000, 0x00000000f0acfff8, 0x00000000f0ad0000)
  to   space 512K,   0% used [0x00000000f0ad0000, 0x00000000f0ad0000, 0x00000000f0b50000)
 tenured generation   total 10944K, used 3846K [0x00000000f5950000, 0x00000000f6400000, 0x0000000100000000)
   the space 10944K,  35% used [0x00000000f5950000, 0x00000000f5d11ab0, 0x00000000f5d11c00, 0x00000000f6400000)
 Metaspace       used 11204K, capacity 11434K, committed 11648K, reserved 1058816K
  class space    used 1485K, capacity 1591K, committed 1664K, reserved 1048576K
Event: 55.753 GC heap after
Heap after GC invocations=9 (full 0):
 def new generation   total 4928K, used 130K [0x00000000f0600000, 0x00000000f0b50000, 0x00000000f5950000)
  eden space 4416K,   0% used [0x00000000f0600000, 0x00000000f0600000, 0x00000000f0a50000)
  from space 512K,  25% used [0x00000000f0ad0000, 0x00000000f0af09b8, 0x00000000f0b50000)
  to   space 512K,   0% used [0x00000000f0a50000, 0x00000000f0a50000, 0x00000000f0ad0000)
 tenured generation   total 10944K, used 4306K [0x00000000f5950000, 0x00000000f6400000, 0x0000000100000000)
   the space 10944K,  39% used [0x00000000f5950000, 0x00000000f5d84a48, 0x00000000f5d84c00, 0x00000000f6400000)
 Metaspace       used 11204K, capacity 11434K, committed 11648K, reserved 1058816K
  class space    used 1485K, capacity 1591K, committed 1664K, reserved 1048576K
}
Event: 150.039 GC heap before
{Heap before GC invocations=9 (full 0):
 def new generation   total 4928K, used 4546K [0x00000000f0600000, 0x00000000f0b50000, 0x00000000f5950000)
  eden space 4416K, 100% used [0x00000000f0600000, 0x00000000f0a50000, 0x00000000f0a50000)
  from space 512K,  25% used [0x00000000f0ad0000, 0x00000000f0af09b8, 0x00000000f0b50000)
  to   space 512K,   0% used [0x00000000f0a50000, 0x00000000f0a50000, 0x00000000f0ad0000)
 tenured generation   total 10944K, used 4306K [0x00000000f5950000, 0x00000000f6400000, 0x0000000100000000)
   the space 10944K,  39% used [0x00000000f5950000, 0x00000000f5d84a48, 0x00000000f5d84c00, 0x00000000f6400000)
 Metaspace       used 11204K, capacity 11434K, committed 11648K, reserved 1058816K
  class space    used 1485K, capacity 1591K, committed 1664K, reserved 1048576K
Event: 150.044 GC heap after
Heap after GC invocations=10 (full 0):
 def new generation   total 4928K, used 53K [0x00000000f0600000, 0x00000000f0b50000, 0x00000000f5950000)
  eden space 4416K,   0% used [0x00000000f0600000, 0x00000000f0600000, 0x00000000f0a50000)
  from space 512K,  10% used [0x00000000f0a50000, 0x00000000f0a5d4f0, 0x00000000f0ad0000)
  to   space 512K,   0% used [0x00000000f0ad0000, 0x00000000f0ad0000, 0x00000000f0b50000)
 tenured generation   total 10944K, used 4306K [0x00000000f5950000, 0x00000000f6400000, 0x0000000100000000)
   the space 10944K,  39% used [0x00000000f5950000, 0x00000000f5d84a48, 0x00000000f5d84c00, 0x00000000f6400000)
 Metaspace       used 11204K, capacity 11434K, committed 11648K, reserved 1058816K
  class space    used 1485K, capacity 1591K, committed 1664K, reserved 1048576K
}
Event: 244.139 GC heap before
{Heap before GC invocations=10 (full 0):
 def new generation   total 4928K, used 4469K [0x00000000f0600000, 0x00000000f0b50000, 0x00000000f5950000)
  eden space 4416K, 100% used [0x00000000f0600000, 0x00000000f0a50000, 0x00000000f0a50000)
  from space 512K,  10% used [0x00000000f0a50000, 0x00000000f0a5d4f0, 0x00000000f0ad0000)
  to   space 512K,   0% used [0x00000000f0ad0000, 0x00000000f0ad0000, 0x00000000f0b50000)
 tenured generation   total 10944K, used 4306K [0x00000000f5950000, 0x00000000f6400000, 0x0000000100000000)
   the space 10944K,  39% used [0x00000000f5950000, 0x00000000f5d84a48, 0x00000000f5d84c00, 0x00000000f6400000)
 Metaspace       used 11205K, capacity 11434K, committed 11648K, reserved 1058816K
  class space    used 1485K, capacity 1591K, committed 1664K, reserved 1048576K
Event: 244.140 GC heap after
Heap after GC invocations=11 (full 0):
 def new generation   total 4928K, used 53K [0x00000000f0600000, 0x00000000f0b50000, 0x00000000f5950000)
  eden space 4416K,   0% used [0x00000000f0600000, 0x00000000f0600000, 0x00000000f0a50000)
  from space 512K,  10% used [0x00000000f0ad0000, 0x00000000f0add638, 0x00000000f0b50000)
  to   space 512K,   0% used [0x00000000f0a50000, 0x00000000f0a50000, 0x00000000f0ad0000)
 tenured generation   total 10944K, used 4306K [0x00000000f5950000, 0x00000000f6400000, 0x0000000100000000)
   the space 10944K,  39% used [0x00000000f5950000, 0x00000000f5d84a48, 0x00000000f5d84c00, 0x00000000f6400000)
 Metaspace       used 11205K, capacity 11434K, committed 11648K, reserved 1058816K
  class space    used 1485K, capacity 1591K, committed 1664K, reserved 1048576K
}

